app/build/outputs/logs/manifest-merger-debug-report.txt
-- Merging decision tree log ---
manifest
ADDED from src/main/AndroidManifest.xml:2:1-106:12
INJECTED from src/main/AndroidManifest.xml:2:1-106:12
INJECTED from src/main/AndroidManifest.xml:2:1-106:12
INJECTED from src/main/AndroidManifest.xml:2:1-106:12
MERGED from [com.google.android.material:material:1.0.0] AndroidManifest.xml:17:1-24:12
MERGED from [com.airbnb.android:lottie:2.5.5] AndroidManifest.xml:2:1-13:12
MERGED from [androidx.appcompat:appcompat:1.0.2] AndroidManifest.xml:17:1-22:12
MERGED from [androidx.constraintlayout:constraintlayout:1.1.3] AndroidManifest.xml:2:1-11:12
MERGED from [com.google.android.gms:play-services-maps:17.0.0] AndroidManifest.xml:17:1-38:12
MERGED from [io.reactivex:rxandroid:1.2.0] AndroidManifest.xml:15:1-21:12
MERGED from [com.google.firebase:firebase-core:17.0.0] AndroidManifest.xml:2:1-9:12
MERGED from [com.google.firebase:firebase-messaging:19.0.0] AndroidManifest.xml:17:1-37:12
MERGED from [android.arch.work:work-runtime:1.0.1] AndroidManifest.xml:17:1-123:12
MERGED from [com.google.firebase:firebase-analytics:17.0.0] AndroidManifest.xml:2:1-9:12
MERGED from [com.google.android.gms:play-services-measurement-api:17.0.0] AndroidManifest.xml:17:1-36:12
MERGED from [com.google.firebase:firebase-iid:19.0.0] AndroidManifest.xml:17:1-47:12
MERGED from [com.google.firebase:firebase-iid-interop:17.0.0] AndroidManifest.xml:2:1-10:12
MERGED from [com.google.android.gms:play-services-base:17.0.0] AndroidManifest.xml:17:1-29:12
MERGED from [com.google.firebase:firebase-common:18.0.0] AndroidManifest.xml:2:1-19:12
MERGED from [com.google.android.gms:play-services-tasks:17.0.0] AndroidManifest.xml:2:1-9:12
MERGED from [com.google.firebase:firebase-measurement-connector:18.0.0] AndroidManifest.xml:17:1-25:12
MERGED from [com.google.android.gms:play-services-measurement:17.0.0] AndroidManifest.xml:17:1-55:12
MERGED from [com.google.android.gms:play-services-measurement-sdk:17.0.0] AndroidManifest.xml:17:1-25:12
MERGED from [com.google.android.gms:play-services-measurement-impl:17.0.0] AndroidManifest.xml:17:1-40:12
MERGED from [com.google.android.gms:play-services-stats:17.0.0] AndroidManifest.xml:2:1-9:12
MERGED from [com.google.android.gms:play-services-measurement-sdk-api:17.0.0] AndroidManifest.xml:17:1-40:12
MERGED from [com.google.android.gms:play-services-measurement-base:17.0.0] AndroidManifest.xml:2:1-9:12
MERGED from [com.google.android.gms:play-services-ads-identifier:17.0.0] AndroidManifest.xml:17:1-24:12
MERGED from [com.google.android.gms:play-services-basement:17.0.0] AndroidManifest.xml:17:1-28:12
MERGED from [androidx.lifecycle:lifecycle-extensions:2.0.0] AndroidManifest.xml:17:1-25:12
MERGED from [androidx.fragment:fragment:1.0.0] AndroidManifest.xml:17:1-22:12
MERGED from [androidx.vectordrawable:vectordrawable-animated:1.0.0] AndroidManifest.xml:17:1-22:12
MERGED from [androidx.recyclerview:recyclerview:1.0.0] AndroidManifest.xml:17:1-22:12
MERGED from [androidx.legacy:legacy-support-core-ui:1.0.0] AndroidManifest.xml:17:1-22:12
MERGED from [androidx.room:room-runtime:2.0.0] AndroidManifest.xml:17:1-22:12
MERGED from [androidx.legacy:legacy-support-core-utils:1.0.0] AndroidManifest.xml:17:1-22:12
MERGED from [androidx.vectordrawable:vectordrawable:1.0.1] AndroidManifest.xml:17:1-22:12
MERGED from [androidx.transition:transition:1.0.0] AndroidManifest.xml:17:1-22:12
MERGED from [androidx.loader:loader:1.0.0] AndroidManifest.xml:17:1-22:12
MERGED from [androidx.viewpager:viewpager:1.0.0] AndroidManifest.xml:17:1-22:12
MERGED from [androidx.coordinatorlayout:coordinatorlayout:1.0.0] AndroidManifest.xml:17:1-22:12
MERGED from [androidx.drawerlayout:drawerlayout:1.0.0] AndroidManifest.xml:17:1-22:12
MERGED from [androidx.slidingpanelayout:slidingpanelayout:1.0.0] AndroidManifest.xml:17:1-22:12
MERGED from [androidx.customview:customview:1.0.0] AndroidManifest.xml:17:1-22:12
MERGED from [androidx.swiperefreshlayout:swiperefreshlayout:1.0.0] AndroidManifest.xml:17:1-22:12
MERGED from [androidx.asynclayoutinflater:asynclayoutinflater:1.0.0] AndroidManifest.xml:17:1-22:12
MERGED from [androidx.core:core:1.0.1] AndroidManifest.xml:17:1-24:12
MERGED from [androidx.versionedparcelable:versionedparcelable:1.0.0] AndroidManifest.xml:17:1-25:12
MERGED from [androidx.cursoradapter:cursoradapter:1.0.0] AndroidManifest.xml:17:1-22:12
MERGED from [androidx.cardview:cardview:1.0.0] AndroidManifest.xml:17:1-22:12
MERGED from [androidx.lifecycle:lifecycle-process:2.0.0] AndroidManifest.xml:17:1-30:12
MERGED from [androidx.lifecycle:lifecycle-service:2.0.0] AndroidManifest.xml:17:1-22:12
MERGED from [androidx.lifecycle:lifecycle-runtime:2.0.0] AndroidManifest.xml:17:1-22:12
MERGED from [androidx.documentfile:documentfile:1.0.0] AndroidManifest.xml:17:1-22:12
MERGED from [androidx.localbroadcastmanager:localbroadcastmanager:1.0.0] AndroidManifest.xml:17:1-22:12
MERGED from [androidx.print:print:1.0.0] AndroidManifest.xml:17:1-22:12
MERGED from [androidx.lifecycle:lifecycle-viewmodel:2.0.0] AndroidManifest.xml:17:1-22:12
MERGED from [androidx.interpolator:interpolator:1.0.0] AndroidManifest.xml:17:1-22:12
MERGED from [androidx.lifecycle:lifecycle-livedata:2.0.0] AndroidManifest.xml:17:1-22:12
MERGED from [androidx.lifecycle:lifecycle-livedata-core:2.0.0] AndroidManifest.xml:17:1-22:12
MERGED from [androidx.arch.core:core-runtime:2.0.0] AndroidManifest.xml:17:1-22:12
MERGED from [androidx.sqlite:sqlite-framework:2.0.0] AndroidManifest.xml:17:1-22:12
MERGED from [androidx.sqlite:sqlite:2.0.0] AndroidManifest.xml:17:1-22:12
INJECTED from src/main/AndroidManifest.xml:2:1-106:12
INJECTED from src/main/AndroidManifest.xml:2:1-106:12
INJECTED from src/main/AndroidManifest.xml:2:1-106:12
	package
		ADDED from src/main/AndroidManifest.xml:3:5-40
		INJECTED from src/main/AndroidManifest.xml
		INJECTED from src/main/AndroidManifest.xml
	android:versionName
		INJECTED from src/main/AndroidManifest.xml
		ADDED from src/main/AndroidManifest.xml:2:1-106:12
		INJECTED from src/main/AndroidManifest.xml
	android:versionCode
		INJECTED from src/main/AndroidManifest.xml
		ADDED from src/main/AndroidManifest.xml:2:1-106:12
		INJECTED from src/main/AndroidManifest.xml
	xmlns:android
		ADDED from src/main/AndroidManifest.xml:2:11-69
uses-permission#android.permission.INTERNET
ADDED from src/main/AndroidManifest.xml:5:5-67
MERGED from [com.google.android.gms:play-services-maps:17.0.0] AndroidManifest.xml:24:5-67
MERGED from [com.google.android.gms:play-services-maps:17.0.0] AndroidManifest.xml:24:5-67
MERGED from [com.google.android.gms:play-services-measurement-api:17.0.0] AndroidManifest.xml:22:5-67
MERGED from [com.google.android.gms:play-services-measurement-api:17.0.0] AndroidManifest.xml:22:5-67
MERGED from [com.google.firebase:firebase-iid:19.0.0] AndroidManifest.xml:23:5-67
MERGED from [com.google.firebase:firebase-iid:19.0.0] AndroidManifest.xml:23:5-67
MERGED from [com.google.android.gms:play-services-measurement:17.0.0] AndroidManifest.xml:23:5-67
MERGED from [com.google.android.gms:play-services-measurement:17.0.0] AndroidManifest.xml:23:5-67
MERGED from [com.google.android.gms:play-services-measurement-impl:17.0.0] AndroidManifest.xml:23:5-67
MERGED from [com.google.android.gms:play-services-measurement-impl:17.0.0] AndroidManifest.xml:23:5-67
MERGED from [com.google.android.gms:play-services-measurement-sdk-api:17.0.0] AndroidManifest.xml:23:5-67
MERGED from [com.google.android.gms:play-services-measurement-sdk-api:17.0.0] AndroidManifest.xml:23:5-67
	android:name
		ADDED from src/main/AndroidManifest.xml:5:22-64
uses-permission#android.permission.ACCESS_FINE_LOCATION
ADDED from src/main/AndroidManifest.xml:11:5-79
	android:name
		ADDED from src/main/AndroidManifest.xml:11:22-76
application
ADDED from src/main/AndroidManifest.xml:13:5-104:19
MERGED from [com.google.android.material:material:1.0.0] AndroidManifest.xml:22:5-20
MERGED from [com.google.android.material:material:1.0.0] AndroidManifest.xml:22:5-20
MERGED from [com.airbnb.android:lottie:2.5.5] AndroidManifest.xml:11:5-20
MERGED from [com.airbnb.android:lottie:2.5.5] AndroidManifest.xml:11:5-20
MERGED from [androidx.constraintlayout:constraintlayout:1.1.3] AndroidManifest.xml:9:5-20
MERGED from [androidx.constraintlayout:constraintlayout:1.1.3] AndroidManifest.xml:9:5-20
MERGED from [com.google.android.gms:play-services-maps:17.0.0] AndroidManifest.xml:30:5-36:19
MERGED from [com.google.android.gms:play-services-maps:17.0.0] AndroidManifest.xml:30:5-36:19
MERGED from [com.google.firebase:firebase-core:17.0.0] AndroidManifest.xml:7:5-20
MERGED from [com.google.firebase:firebase-core:17.0.0] AndroidManifest.xml:7:5-20
MERGED from [com.google.firebase:firebase-messaging:19.0.0] AndroidManifest.xml:22:5-35:19
MERGED from [com.google.firebase:firebase-messaging:19.0.0] AndroidManifest.xml:22:5-35:19
MERGED from [android.arch.work:work-runtime:1.0.1] AndroidManifest.xml:27:5-121:19
MERGED from [android.arch.work:work-runtime:1.0.1] AndroidManifest.xml:27:5-121:19
MERGED from [com.google.firebase:firebase-analytics:17.0.0] AndroidManifest.xml:7:5-20
MERGED from [com.google.firebase:firebase-analytics:17.0.0] AndroidManifest.xml:7:5-20
MERGED from [com.google.android.gms:play-services-measurement-api:17.0.0] AndroidManifest.xml:26:5-34:19
MERGED from [com.google.android.gms:play-services-measurement-api:17.0.0] AndroidManifest.xml:26:5-34:19
MERGED from [com.google.firebase:firebase-iid:19.0.0] AndroidManifest.xml:28:5-45:19
MERGED from [com.google.firebase:firebase-iid:19.0.0] AndroidManifest.xml:28:5-45:19
MERGED from [com.google.firebase:firebase-iid-interop:17.0.0] AndroidManifest.xml:7:5-8:19
MERGED from [com.google.firebase:firebase-iid-interop:17.0.0] AndroidManifest.xml:7:5-8:19
MERGED from [com.google.android.gms:play-services-base:17.0.0] AndroidManifest.xml:22:5-27:19
MERGED from [com.google.android.gms:play-services-base:17.0.0] AndroidManifest.xml:22:5-27:19
MERGED from [com.google.firebase:firebase-common:18.0.0] AndroidManifest.xml:11:5-17:19
MERGED from [com.google.firebase:firebase-common:18.0.0] AndroidManifest.xml:11:5-17:19
MERGED from [com.google.android.gms:play-services-tasks:17.0.0] AndroidManifest.xml:7:5-20
MERGED from [com.google.android.gms:play-services-tasks:17.0.0] AndroidManifest.xml:7:5-20
MERGED from [com.google.firebase:firebase-measurement-connector:18.0.0] AndroidManifest.xml:22:5-23:19
MERGED from [com.google.firebase:firebase-measurement-connector:18.0.0] AndroidManifest.xml:22:5-23:19
MERGED from [com.google.android.gms:play-services-measurement:17.0.0] AndroidManifest.xml:28:5-53:19
MERGED from [com.google.android.gms:play-services-measurement:17.0.0] AndroidManifest.xml:28:5-53:19
MERGED from [com.google.android.gms:play-services-measurement-sdk:17.0.0] AndroidManifest.xml:22:5-23:19
MERGED from [com.google.android.gms:play-services-measurement-sdk:17.0.0] AndroidManifest.xml:22:5-23:19
MERGED from [com.google.android.gms:play-services-measurement-impl:17.0.0] AndroidManifest.xml:28:5-38:19
MERGED from [com.google.android.gms:play-services-measurement-impl:17.0.0] AndroidManifest.xml:28:5-38:19
MERGED from [com.google.android.gms:play-services-stats:17.0.0] AndroidManifest.xml:7:5-20
MERGED from [com.google.android.gms:play-services-stats:17.0.0] AndroidManifest.xml:7:5-20
MERGED from [com.google.android.gms:play-services-measurement-sdk-api:17.0.0] AndroidManifest.xml:28:5-38:19
MERGED from [com.google.android.gms:play-services-measurement-sdk-api:17.0.0] AndroidManifest.xml:28:5-38:19
MERGED from [com.google.android.gms:play-services-measurement-base:17.0.0] AndroidManifest.xml:7:5-20
MERGED from [com.google.android.gms:play-services-measurement-base:17.0.0] AndroidManifest.xml:7:5-20
MERGED from [com.google.android.gms:play-services-ads-identifier:17.0.0] AndroidManifest.xml:22:5-20
MERGED from [com.google.android.gms:play-services-ads-identifier:17.0.0] AndroidManifest.xml:22:5-20
MERGED from [com.google.android.gms:play-services-basement:17.0.0] AndroidManifest.xml:22:5-26:19
MERGED from [com.google.android.gms:play-services-basement:17.0.0] AndroidManifest.xml:22:5-26:19
MERGED from [androidx.lifecycle:lifecycle-extensions:2.0.0] AndroidManifest.xml:22:5-23:19
MERGED from [androidx.lifecycle:lifecycle-extensions:2.0.0] AndroidManifest.xml:22:5-23:19
MERGED from [androidx.core:core:1.0.1] AndroidManifest.xml:22:5-89
MERGED from [androidx.core:core:1.0.1] AndroidManifest.xml:22:5-89
MERGED from [androidx.versionedparcelable:versionedparcelable:1.0.0] AndroidManifest.xml:22:5-23:19
MERGED from [androidx.versionedparcelable:versionedparcelable:1.0.0] AndroidManifest.xml:22:5-23:19
MERGED from [androidx.lifecycle:lifecycle-process:2.0.0] AndroidManifest.xml:22:5-28:19
MERGED from [androidx.lifecycle:lifecycle-process:2.0.0] AndroidManifest.xml:22:5-28:19
	android:appComponentFactory
		ADDED from [androidx.core:core:1.0.1] AndroidManifest.xml:22:18-86
	android:supportsRtl
		ADDED from src/main/AndroidManifest.xml:18:9-35
	android:label
		ADDED from src/main/AndroidManifest.xml:16:9-41
	android:roundIcon
		ADDED from src/main/AndroidManifest.xml:17:9-54
	android:icon
		ADDED from src/main/AndroidManifest.xml:15:9-43
	android:allowBackup
		ADDED from src/main/AndroidManifest.xml:14:9-35
	android:theme
		ADDED from src/main/AndroidManifest.xml:20:9-40
	android:networkSecurityConfig
		ADDED from src/main/AndroidManifest.xml:19:9-69
activity#py.ccenturion.salvapy_app.RecuperarContraActivity
ADDED from src/main/AndroidManifest.xml:21:9-70
	android:name
		ADDED from src/main/AndroidManifest.xml:21:19-58
activity#py.ccenturion.salvapy_app.AcercaDeActivity
ADDED from src/main/AndroidManifest.xml:22:9-24:58
	android:parentActivityName
		ADDED from src/main/AndroidManifest.xml:24:13-55
	android:name
		ADDED from src/main/AndroidManifest.xml:23:13-45
activity#py.ccenturion.salvapy_app.DonacionDetalleActivity
ADDED from src/main/AndroidManifest.xml:25:9-27:58
	android:parentActivityName
		ADDED from src/main/AndroidManifest.xml:27:13-55
	android:name
		ADDED from src/main/AndroidManifest.xml:26:13-52
activity#py.ccenturion.salvapy_app.DonacionActivity
ADDED from src/main/AndroidManifest.xml:28:9-30:58
	android:parentActivityName
		ADDED from src/main/AndroidManifest.xml:30:13-55
	android:name
		ADDED from src/main/AndroidManifest.xml:29:13-45
activity#py.ccenturion.salvapy_app.NoticiasActivity
ADDED from src/main/AndroidManifest.xml:31:9-33:58
	android:parentActivityName
		ADDED from src/main/AndroidManifest.xml:33:13-55
	android:name
		ADDED from src/main/AndroidManifest.xml:32:13-45
activity#py.ccenturion.salvapy_app.EventosActivity
ADDED from src/main/AndroidManifest.xml:34:9-36:58
	android:parentActivityName
		ADDED from src/main/AndroidManifest.xml:36:13-55
	android:name
		ADDED from src/main/AndroidManifest.xml:35:13-44
activity#py.ccenturion.salvapy_app.SplashActivity
ADDED from src/main/AndroidManifest.xml:37:9-43:20
	android:name
		ADDED from src/main/AndroidManifest.xml:37:19-49
intent-filter#action:name:android.intent.action.MAIN+category:name:android.intent.category.LAUNCHER
ADDED from src/main/AndroidManifest.xml:38:13-42:29
action#android.intent.action.MAIN
ADDED from src/main/AndroidManifest.xml:39:17-69
	android:name
		ADDED from src/main/AndroidManifest.xml:39:25-66
category#android.intent.category.LAUNCHER
ADDED from src/main/AndroidManifest.xml:41:17-77
	android:name
		ADDED from src/main/AndroidManifest.xml:41:27-74
activity#py.ccenturion.salvapy_app.MainActivity
ADDED from src/main/AndroidManifest.xml:44:9-50
	android:name
		ADDED from src/main/AndroidManifest.xml:44:19-47
activity#py.ccenturion.salvapy_app.RegistrarDonanteActivity
ADDED from src/main/AndroidManifest.xml:45:9-47:59
	android:parentActivityName
		ADDED from src/main/AndroidManifest.xml:47:13-56
	android:name
		ADDED from src/main/AndroidManifest.xml:46:13-53
activity#py.ccenturion.salvapy_app.LoginActivity
ADDED from src/main/AndroidManifest.xml:48:9-51:59
	android:label
		ADDED from src/main/AndroidManifest.xml:50:13-58
	android:theme
		ADDED from src/main/AndroidManifest.xml:51:13-56
	android:name
		ADDED from src/main/AndroidManifest.xml:49:13-42
activity#py.ccenturion.salvapy_app.MenuPrincipalActivity
ADDED from src/main/AndroidManifest.xml:52:9-55:59
	android:label
		ADDED from src/main/AndroidManifest.xml:54:13-66
	android:theme
		ADDED from src/main/AndroidManifest.xml:55:13-56
	android:name
		ADDED from src/main/AndroidManifest.xml:53:13-50
meta-data#com.google.android.geo.API_KEY
ADDED from src/main/AndroidManifest.xml:64:9-66:55
	android:value
		ADDED from src/main/AndroidManifest.xml:66:13-52
	android:name
		ADDED from src/main/AndroidManifest.xml:65:13-58
activity#py.ccenturion.salvapy_app.MapsActivity
ADDED from src/main/AndroidManifest.xml:68:9-70:59
	android:label
		ADDED from src/main/AndroidManifest.xml:70:13-56
	android:name
		ADDED from src/main/AndroidManifest.xml:69:13-41
activity#py.ccenturion.salvapy_app.HomeActivity
ADDED from src/main/AndroidManifest.xml:71:9-74:59
	android:label
		ADDED from src/main/AndroidManifest.xml:73:13-56
	android:theme
		ADDED from src/main/AndroidManifest.xml:74:13-56
	android:name
		ADDED from src/main/AndroidManifest.xml:72:13-41
activity#py.ccenturion.salvapy_app.InfPersonalActivity
ADDED from src/main/AndroidManifest.xml:75:9-77:58
	android:parentActivityName
		ADDED from src/main/AndroidManifest.xml:77:13-55
	android:name
		ADDED from src/main/AndroidManifest.xml:76:13-48
activity#py.ccenturion.salvapy_app.PedidosActivity
ADDED from src/main/AndroidManifest.xml:78:9-80:58
	android:parentActivityName
		ADDED from src/main/AndroidManifest.xml:80:13-55
	android:name
		ADDED from src/main/AndroidManifest.xml:79:13-44
activity#py.ccenturion.salvapy_app.RequisitosActivity
ADDED from src/main/AndroidManifest.xml:81:9-83:58
	android:parentActivityName
		ADDED from src/main/AndroidManifest.xml:83:13-55
	android:name
		ADDED from src/main/AndroidManifest.xml:82:13-47
service#py.ccenturion.salvapy_app.fcm.MyFirebaseMessagingService
ADDED from src/main/AndroidManifest.xml:85:9-89:19
	android:name
		ADDED from src/main/AndroidManifest.xml:85:18-64
intent-filter#action:name:com.google.firebase.MESSAGING_EVENT
ADDED from src/main/AndroidManifest.xml:86:13-88:29
action#com.google.firebase.MESSAGING_EVENT
ADDED from src/main/AndroidManifest.xml:87:17-78
	android:name
		ADDED from src/main/AndroidManifest.xml:87:25-75
meta-data#com.google.firebase.messaging.default_notification_icon
ADDED from src/main/AndroidManifest.xml:91:9-93:52
	android:resource
		ADDED from src/main/AndroidManifest.xml:93:13-49
	android:name
		ADDED from src/main/AndroidManifest.xml:92:13-83
meta-data#com.google.firebase.messaging.default_notification_color
ADDED from src/main/AndroidManifest.xml:98:9-100:54
	android:resource
		ADDED from src/main/AndroidManifest.xml:100:13-51
	android:name
		ADDED from src/main/AndroidManifest.xml:99:13-84
meta-data#com.google.firebase.messaging.default_notification_channel_id
ADDED from src/main/AndroidManifest.xml:101:9-103:71
	android:value
		ADDED from src/main/AndroidManifest.xml:103:13-68
	android:name
		ADDED from src/main/AndroidManifest.xml:102:13-89
uses-sdk
INJECTED from src/main/AndroidManifest.xml reason: use-sdk injection requested
INJECTED from src/main/AndroidManifest.xml
INJECTED from src/main/AndroidManifest.xml
MERGED from [com.google.android.material:material:1.0.0] AndroidManifest.xml:20:5-44
MERGED from [com.google.android.material:material:1.0.0] AndroidManifest.xml:20:5-44
MERGED from [com.airbnb.android:lottie:2.5.5] AndroidManifest.xml:7:5-9:41
MERGED from [com.airbnb.android:lottie:2.5.5] AndroidManifest.xml:7:5-9:41
MERGED from [androidx.appcompat:appcompat:1.0.2] AndroidManifest.xml:20:5-44
MERGED from [androidx.appcompat:appcompat:1.0.2] AndroidManifest.xml:20:5-44
MERGED from [androidx.constraintlayout:constraintlayout:1.1.3] AndroidManifest.xml:5:5-7:41
MERGED from [androidx.constraintlayout:constraintlayout:1.1.3] AndroidManifest.xml:5:5-7:41
MERGED from [com.google.android.gms:play-services-maps:17.0.0] AndroidManifest.xml:20:5-44
MERGED from [com.google.android.gms:play-services-maps:17.0.0] AndroidManifest.xml:20:5-44
MERGED from [io.reactivex:rxandroid:1.2.0] AndroidManifest.xml:19:5-43
MERGED from [io.reactivex:rxandroid:1.2.0] AndroidManifest.xml:19:5-43
MERGED from [com.google.firebase:firebase-core:17.0.0] AndroidManifest.xml:5:5-44
MERGED from [com.google.firebase:firebase-core:17.0.0] AndroidManifest.xml:5:5-44
MERGED from [com.google.firebase:firebase-messaging:19.0.0] AndroidManifest.xml:20:5-44
MERGED from [com.google.firebase:firebase-messaging:19.0.0] AndroidManifest.xml:20:5-44
MERGED from [android.arch.work:work-runtime:1.0.1] AndroidManifest.xml:21:5-44
MERGED from [android.arch.work:work-runtime:1.0.1] AndroidManifest.xml:21:5-44
MERGED from [com.google.firebase:firebase-analytics:17.0.0] AndroidManifest.xml:5:5-44
MERGED from [com.google.firebase:firebase-analytics:17.0.0] AndroidManifest.xml:5:5-44
MERGED from [com.google.android.gms:play-services-measurement-api:17.0.0] AndroidManifest.xml:20:5-44
MERGED from [com.google.android.gms:play-services-measurement-api:17.0.0] AndroidManifest.xml:20:5-44
MERGED from [com.google.firebase:firebase-iid:19.0.0] AndroidManifest.xml:20:5-44
MERGED from [com.google.firebase:firebase-iid:19.0.0] AndroidManifest.xml:20:5-44
MERGED from [com.google.firebase:firebase-iid-interop:17.0.0] AndroidManifest.xml:5:5-44
MERGED from [com.google.firebase:firebase-iid-interop:17.0.0] AndroidManifest.xml:5:5-44
MERGED from [com.google.android.gms:play-services-base:17.0.0] AndroidManifest.xml:20:5-44
MERGED from [com.google.android.gms:play-services-base:17.0.0] AndroidManifest.xml:20:5-44
MERGED from [com.google.firebase:firebase-common:18.0.0] AndroidManifest.xml:6:5-8:41
MERGED from [com.google.firebase:firebase-common:18.0.0] AndroidManifest.xml:6:5-8:41
MERGED from [com.google.android.gms:play-services-tasks:17.0.0] AndroidManifest.xml:5:5-44
MERGED from [com.google.android.gms:play-services-tasks:17.0.0] AndroidManifest.xml:5:5-44
MERGED from [com.google.firebase:firebase-measurement-connector:18.0.0] AndroidManifest.xml:20:5-44
MERGED from [com.google.firebase:firebase-measurement-connector:18.0.0] AndroidManifest.xml:20:5-44
MERGED from [com.google.android.gms:play-services-measurement:17.0.0] AndroidManifest.xml:20:5-44
MERGED from [com.google.android.gms:play-services-measurement:17.0.0] AndroidManifest.xml:20:5-44
MERGED from [com.google.android.gms:play-services-measurement-sdk:17.0.0] AndroidManifest.xml:20:5-44
MERGED from [com.google.android.gms:play-services-measurement-sdk:17.0.0] AndroidManifest.xml:20:5-44
MERGED from [com.google.android.gms:play-services-measurement-impl:17.0.0] AndroidManifest.xml:20:5-44
MERGED from [com.google.android.gms:play-services-measurement-impl:17.0.0] AndroidManifest.xml:20:5-44
MERGED from [com.google.android.gms:play-services-stats:17.0.0] AndroidManifest.xml:5:5-44
MERGED from [com.google.android.gms:play-services-stats:17.0.0] AndroidManifest.xml:5:5-44
MERGED from [com.google.android.gms:play-services-measurement-sdk-api:17.0.0] AndroidManifest.xml:20:5-44
MERGED from [com.google.android.gms:play-services-measurement-sdk-api:17.0.0] AndroidManifest.xml:20:5-44
MERGED from [com.google.android.gms:play-services-measurement-base:17.0.0] AndroidManifest.xml:5:5-44
MERGED from [com.google.android.gms:play-services-measurement-base:17.0.0] AndroidManifest.xml:5:5-44
MERGED from [com.google.android.gms:play-services-ads-identifier:17.0.0] AndroidManifest.xml:20:5-44
MERGED from [com.google.android.gms:play-services-ads-identifier:17.0.0] AndroidManifest.xml:20:5-44
MERGED from [com.google.android.gms:play-services-basement:17.0.0] AndroidManifest.xml:20:5-44
MERGED from [com.google.android.gms:play-services-basement:17.0.0] AndroidManifest.xml:20:5-44
MERGED from [androidx.lifecycle:lifecycle-extensions:2.0.0] AndroidManifest.xml:20:5-44
MERGED from [androidx.lifecycle:lifecycle-extensions:2.0.0] AndroidManifest.xml:20:5-44
MERGED from [androidx.fragment:fragment:1.0.0] AndroidManifest.xml:20:5-44
MERGED from [androidx.fragment:fragment:1.0.0] AndroidManifest.xml:20:5-44
MERGED from [androidx.vectordrawable:vectordrawable-animated:1.0.0] AndroidManifest.xml:20:5-44
MERGED from [androidx.vectordrawable:vectordrawable-animated:1.0.0] AndroidManifest.xml:20:5-44
MERGED from [androidx.recyclerview:recyclerview:1.0.0] AndroidManifest.xml:20:5-44
MERGED from [androidx.recyclerview:recyclerview:1.0.0] AndroidManifest.xml:20:5-44
MERGED from [androidx.legacy:legacy-support-core-ui:1.0.0] AndroidManifest.xml:20:5-44
MERGED from [androidx.legacy:legacy-support-core-ui:1.0.0] AndroidManifest.xml:20:5-44
MERGED from [androidx.room:room-runtime:2.0.0] AndroidManifest.xml:20:5-44
MERGED from [androidx.room:room-runtime:2.0.0] AndroidManifest.xml:20:5-44
MERGED from [androidx.legacy:legacy-support-core-utils:1.0.0] AndroidManifest.xml:20:5-44
MERGED from [androidx.legacy:legacy-support-core-utils:1.0.0] AndroidManifest.xml:20:5-44
MERGED from [androidx.vectordrawable:vectordrawable:1.0.1] AndroidManifest.xml:20:5-44
MERGED from [androidx.vectordrawable:vectordrawable:1.0.1] AndroidManifest.xml:20:5-44
MERGED from [androidx.transition:transition:1.0.0] AndroidManifest.xml:20:5-44
MERGED from [androidx.transition:transition:1.0.0] AndroidManifest.xml:20:5-44
MERGED from [androidx.loader:loader:1.0.0] AndroidManifest.xml:20:5-44
MERGED from [androidx.loader:loader:1.0.0] AndroidManifest.xml:20:5-44
MERGED from [androidx.viewpager:viewpager:1.0.0] AndroidManifest.xml:20:5-44
MERGED from [androidx.viewpager:viewpager:1.0.0] AndroidManifest.xml:20:5-44
MERGED from [androidx.coordinatorlayout:coordinatorlayout:1.0.0] AndroidManifest.xml:20:5-44
MERGED from [androidx.coordinatorlayout:coordinatorlayout:1.0.0] AndroidManifest.xml:20:5-44
MERGED from [androidx.drawerlayout:drawerlayout:1.0.0] AndroidManifest.xml:20:5-44
MERGED from [androidx.drawerlayout:drawerlayout:1.0.0] AndroidManifest.xml:20:5-44
MERGED from [androidx.slidingpanelayout:slidingpanelayout:1.0.0] AndroidManifest.xml:20:5-44
MERGED from [androidx.slidingpanelayout:slidingpanelayout:1.0.0] AndroidManifest.xml:20:5-44
MERGED from [androidx.customview:customview:1.0.0] AndroidManifest.xml:20:5-44
MERGED from [androidx.customview:customview:1.0.0] AndroidManifest.xml:20:5-44
MERGED from [androidx.swiperefreshlayout:swiperefreshlayout:1.0.0] AndroidManifest.xml:20:5-44
MERGED from [androidx.swiperefreshlayout:swiperefreshlayout:1.0.0] AndroidManifest.xml:20:5-44
MERGED from [androidx.asynclayoutinflater:asynclayoutinflater:1.0.0] AndroidManifest.xml:20:5-44
MERGED from [androidx.asynclayoutinflater:asynclayoutinflater:1.0.0] AndroidManifest.xml:20:5-44
MERGED from [androidx.core:core:1.0.1] AndroidManifest.xml:20:5-44
MERGED from [androidx.core:core:1.0.1] AndroidManifest.xml:20:5-44
MERGED from [androidx.versionedparcelable:versionedparcelable:1.0.0] AndroidManifest.xml:20:5-44
MERGED from [androidx.versionedparcelable:versionedparcelable:1.0.0] AndroidManifest.xml:20:5-44
MERGED from [androidx.cursoradapter:cursoradapter:1.0.0] AndroidManifest.xml:20:5-44
MERGED from [androidx.cursoradapter:cursoradapter:1.0.0] AndroidManifest.xml:20:5-44
MERGED from [androidx.cardview:cardview:1.0.0] AndroidManifest.xml:20:5-44
MERGED from [androidx.cardview:cardview:1.0.0] AndroidManifest.xml:20:5-44
MERGED from [androidx.lifecycle:lifecycle-process:2.0.0] AndroidManifest.xml:20:5-44
MERGED from [androidx.lifecycle:lifecycle-process:2.0.0] AndroidManifest.xml:20:5-44
MERGED from [androidx.lifecycle:lifecycle-service:2.0.0] AndroidManifest.xml:20:5-44
MERGED from [androidx.lifecycle:lifecycle-service:2.0.0] AndroidManifest.xml:20:5-44
MERGED from [androidx.lifecycle:lifecycle-runtime:2.0.0] AndroidManifest.xml:20:5-44
MERGED from [androidx.lifecycle:lifecycle-runtime:2.0.0] AndroidManifest.xml:20:5-44
MERGED from [androidx.documentfile:documentfile:1.0.0] AndroidManifest.xml:20:5-44
MERGED from [androidx.documentfile:documentfile:1.0.0] AndroidManifest.xml:20:5-44
MERGED from [androidx.localbroadcastmanager:localbroadcastmanager:1.0.0] AndroidManifest.xml:20:5-44
MERGED from [androidx.localbroadcastmanager:localbroadcastmanager:1.0.0] AndroidManifest.xml:20:5-44
MERGED from [androidx.print:print:1.0.0] AndroidManifest.xml:20:5-44
MERGED from [androidx.print:print:1.0.0] AndroidManifest.xml:20:5-44
MERGED from [androidx.lifecycle:lifecycle-viewmodel:2.0.0] AndroidManifest.xml:20:5-44
MERGED from [androidx.lifecycle:lifecycle-viewmodel:2.0.0] AndroidManifest.xml:20:5-44
MERGED from [androidx.interpolator:interpolator:1.0.0] AndroidManifest.xml:20:5-44
MERGED from [androidx.interpolator:interpolator:1.0.0] AndroidManifest.xml:20:5-44
MERGED from [androidx.lifecycle:lifecycle-livedata:2.0.0] AndroidManifest.xml:20:5-44
MERGED from [androidx.lifecycle:lifecycle-livedata:2.0.0] AndroidManifest.xml:20:5-44
MERGED from [androidx.lifecycle:lifecycle-livedata-core:2.0.0] AndroidManifest.xml:20:5-44
MERGED from [androidx.lifecycle:lifecycle-livedata-core:2.0.0] AndroidManifest.xml:20:5-44
MERGED from [androidx.arch.core:core-runtime:2.0.0] AndroidManifest.xml:20:5-44
MERGED from [androidx.arch.core:core-runtime:2.0.0] AndroidManifest.xml:20:5-44
MERGED from [androidx.sqlite:sqlite-framework:2.0.0] AndroidManifest.xml:20:5-44
MERGED from [androidx.sqlite:sqlite-framework:2.0.0] AndroidManifest.xml:20:5-44
MERGED from [androidx.sqlite:sqlite:2.0.0] AndroidManifest.xml:20:5-44
MERGED from [androidx.sqlite:sqlite:2.0.0] AndroidManifest.xml:20:5-44
INJECTED from src/main/AndroidManifest.xml
INJECTED from src/main/AndroidManifest.xml
	android:targetSdkVersion
		INJECTED from src/main/AndroidManifest.xml
		ADDED from src/main/AndroidManifest.xml
		INJECTED from src/main/AndroidManifest.xml
	android:minSdkVersion
		INJECTED from src/main/AndroidManifest.xml
		ADDED from src/main/AndroidManifest.xml
		INJECTED from src/main/AndroidManifest.xml